Wed Apr 13 01:50:13 BRT 2011: Creating new db @ /Users/lucascaton/projects/code/ruby/pessoais/myblog/db/neo4j-development/neostore
Wed Apr 13 01:50:14 BRT 2011: Opened [/Users/lucascaton/projects/code/ruby/pessoais/myblog/db/neo4j-development/nioneo_logical.log.1] clean empty log, version=0
Wed Apr 13 01:50:14 BRT 2011: Opened [/Users/lucascaton/projects/code/ruby/pessoais/myblog/db/neo4j-development/lucene/lucene.log.1] clean empty log, version=0
Wed Apr 13 01:50:14 BRT 2011: Opened [/Users/lucascaton/projects/code/ruby/pessoais/myblog/db/neo4j-development/lucene-fulltext/lucene.log.1] clean empty log, version=0
Wed Apr 13 01:50:14 BRT 2011: Opened [/Users/lucascaton/projects/code/ruby/pessoais/myblog/db/neo4j-development/index/lucene.log.1] clean empty log, version=0
Wed Apr 13 01:50:14 BRT 2011: TM new log: tm_tx_log.1
Wed Apr 13 01:50:14 BRT 2011: --- CONFIGURATION START ---
Wed Apr 13 01:50:14 BRT 2011: Physical mem: 4096MB, Heap size: 495MB
Wed Apr 13 01:50:14 BRT 2011: Kernel version: Neo4j - Graph Database Kernel 1.3.M03
Wed Apr 13 01:50:14 BRT 2011: Neo4j - Graph Database Kernel 1.3.M03
Wed Apr 13 01:50:14 BRT 2011: Operating System: Mac OS X; version: 10.6.7; arch: x86_64; cpus: 2
Wed Apr 13 01:50:14 BRT 2011: VM Name: Java HotSpot(TM) 64-Bit Server VM
Wed Apr 13 01:50:14 BRT 2011: VM Vendor: Apple Inc.
Wed Apr 13 01:50:14 BRT 2011: VM Version: 19.1-b02-334
Wed Apr 13 01:50:14 BRT 2011: Boot Class Path: /System/Library/Java/JavaVirtualMachines/1.6.0.jdk/Contents/Classes/jsfd.jar:/System/Library/Java/JavaVirtualMachines/1.6.0.jdk/Contents/Classes/classes.jar:/System/Library/Frameworks/JavaVM.framework/Frameworks/JavaRuntimeSupport.framework/Resources/Java/JavaRuntimeSupport.jar:/System/Library/Java/JavaVirtualMachines/1.6.0.jdk/Contents/Classes/ui.jar:/System/Library/Java/JavaVirtualMachines/1.6.0.jdk/Contents/Classes/laf.jar:/System/Library/Java/JavaVirtualMachines/1.6.0.jdk/Contents/Classes/sunrsasign.jar:/System/Library/Java/JavaVirtualMachines/1.6.0.jdk/Contents/Classes/jsse.jar:/System/Library/Java/JavaVirtualMachines/1.6.0.jdk/Contents/Classes/jce.jar:/System/Library/Java/JavaVirtualMachines/1.6.0.jdk/Contents/Classes/charsets.jar:/Users/lucascaton/.rvm/rubies/jruby-1.6.0/lib/jruby.jar
Wed Apr 13 01:50:14 BRT 2011: Class Path: 
Wed Apr 13 01:50:14 BRT 2011: Library Path: /usr/local/mysql/lib::.:/Library/Java/Extensions:/System/Library/Java/Extensions:/usr/lib/java
Wed Apr 13 01:50:14 BRT 2011: Garbage Collector: ParNew: [Par Eden Space, Par Survivor Space]
Wed Apr 13 01:50:14 BRT 2011: Garbage Collector: ConcurrentMarkSweep: [Par Eden Space, Par Survivor Space, CMS Old Gen, CMS Perm Gen]
Wed Apr 13 01:50:14 BRT 2011: VM Arguments: [-Dfile.encoding=UTF-8, -Djdk.home=, -Djruby.home=/Users/lucascaton/.rvm/rubies/jruby-1.6.0, -Djruby.script=jruby, -Djruby.shell=/bin/bash, -Djffi.boot.library.path=/Users/lucascaton/.rvm/rubies/jruby-1.6.0/lib/native/Darwin, -Xmx500m, -Xss2048k, -Djruby.memory.max=500m, -Djruby.stack.max=2048k, -Xbootclasspath/a:/Users/lucascaton/.rvm/rubies/jruby-1.6.0/lib/jruby.jar]
Wed Apr 13 01:50:14 BRT 2011: 
Wed Apr 13 01:50:14 BRT 2011: adaptive_cache_heap_ratio=0.77
Wed Apr 13 01:50:14 BRT 2011: adaptive_cache_manager_decrease_ratio=1.15
Wed Apr 13 01:50:14 BRT 2011: adaptive_cache_manager_increase_ratio=1.1
Wed Apr 13 01:50:14 BRT 2011: adaptive_cache_worker_sleep_time=3000
Wed Apr 13 01:50:14 BRT 2011: create=true
Wed Apr 13 01:50:14 BRT 2011: dir=/Users/lucascaton/projects/code/ruby/pessoais/myblog/db/neo4j-development/lucene-fulltext
Wed Apr 13 01:50:14 BRT 2011: enable_remote_shell=port=9332
Wed Apr 13 01:50:14 BRT 2011: ha.db=NO
Wed Apr 13 01:50:14 BRT 2011: ha.machine_id=2
Wed Apr 13 01:50:14 BRT 2011: ha.server=localhost:6002
Wed Apr 13 01:50:14 BRT 2011: ha.zoo_keeper_servers=localhost:2181,localhost:2182,localhost:2183
Wed Apr 13 01:50:14 BRT 2011: logical_log=/Users/lucascaton/projects/code/ruby/pessoais/myblog/db/neo4j-development/nioneo_logical.log
Wed Apr 13 01:50:14 BRT 2011: max_node_cache_size=1500
Wed Apr 13 01:50:14 BRT 2011: max_relationship_cache_size=3500
Wed Apr 13 01:50:14 BRT 2011: migration_thread=NO
Wed Apr 13 01:50:14 BRT 2011: min_node_cache_size=0
Wed Apr 13 01:50:14 BRT 2011: min_relationship_cache_size=0
Wed Apr 13 01:50:14 BRT 2011: neo_store=/Users/lucascaton/projects/code/ruby/pessoais/myblog/db/neo4j-development/neostore
Wed Apr 13 01:50:14 BRT 2011: neostore.nodestore.db.mapped_memory=25M
Wed Apr 13 01:50:14 BRT 2011: neostore.propertystore.db.arrays.mapped_memory=130M
Wed Apr 13 01:50:14 BRT 2011: neostore.propertystore.db.index.keys.mapped_memory=1M
Wed Apr 13 01:50:14 BRT 2011: neostore.propertystore.db.index.mapped_memory=1M
Wed Apr 13 01:50:14 BRT 2011: neostore.propertystore.db.mapped_memory=90M
Wed Apr 13 01:50:14 BRT 2011: neostore.propertystore.db.strings.mapped_memory=130M
Wed Apr 13 01:50:14 BRT 2011: neostore.relationshipstore.db.mapped_memory=50M
Wed Apr 13 01:50:14 BRT 2011: online_backup_enabled=NO
Wed Apr 13 01:50:14 BRT 2011: rebuild_idgenerators_fast=true
Wed Apr 13 01:50:14 BRT 2011: storage_path=/Users/lucascaton/projects/code/ruby/pessoais/myblog/db/neo4j-development
Wed Apr 13 01:50:14 BRT 2011: store_dir=/Users/lucascaton/projects/code/ruby/pessoais/myblog/db/neo4j-development
Wed Apr 13 01:50:14 BRT 2011: timestamps=YES
Wed Apr 13 01:50:14 BRT 2011: use_adaptive_cache=YES
Wed Apr 13 01:50:14 BRT 2011: --- CONFIGURATION END ---
Wed Apr 13 01:50:14 BRT 2011: Extension org.neo4j.kernel.KernelExtension[kernel jmx] loaded ok
Wed Apr 13 01:50:15 BRT 2011: Extension org.neo4j.kernel.KernelExtension[shell] loaded ok
Wed Apr 13 01:58:54 BRT 2011: Closed log /Users/lucascaton/projects/code/ruby/pessoais/myblog/db/neo4j-development/nioneo_logical.log
Wed Apr 13 01:58:54 BRT 2011: NeoStore closed
Wed Apr 13 01:58:54 BRT 2011: Closed log /Users/lucascaton/projects/code/ruby/pessoais/myblog/db/neo4j-development/index/lucene.log
Wed Apr 13 01:58:54 BRT 2011: Closed log /Users/lucascaton/projects/code/ruby/pessoais/myblog/db/neo4j-development/lucene/lucene.log
Wed Apr 13 01:58:54 BRT 2011: NeoStore closed
Wed Apr 13 01:58:55 BRT 2011: Closed log /Users/lucascaton/projects/code/ruby/pessoais/myblog/db/neo4j-development/lucene-fulltext/lucene.log
Wed Apr 13 01:58:55 BRT 2011: TM shutting down
Wed Apr 13 02:10:20 BRT 2011: Opened [/Users/lucascaton/projects/code/ruby/pessoais/myblog/db/neo4j-development/nioneo_logical.log.1] clean empty log, version=0
Wed Apr 13 02:10:20 BRT 2011: Opened [/Users/lucascaton/projects/code/ruby/pessoais/myblog/db/neo4j-development/lucene/lucene.log.1] clean empty log, version=0
Wed Apr 13 02:10:20 BRT 2011: Opened [/Users/lucascaton/projects/code/ruby/pessoais/myblog/db/neo4j-development/lucene-fulltext/lucene.log.1] clean empty log, version=0
Wed Apr 13 02:10:20 BRT 2011: Opened [/Users/lucascaton/projects/code/ruby/pessoais/myblog/db/neo4j-development/index/lucene.log.1] clean empty log, version=0
Wed Apr 13 02:10:20 BRT 2011: TM opening log: /Users/lucascaton/projects/code/ruby/pessoais/myblog/db/neo4j-development/tm_tx_log.1
Wed Apr 13 02:10:20 BRT 2011: --- CONFIGURATION START ---
Wed Apr 13 02:10:20 BRT 2011: Physical mem: 4096MB, Heap size: 495MB
Wed Apr 13 02:10:20 BRT 2011: Kernel version: Neo4j - Graph Database Kernel 1.3.M03
Wed Apr 13 02:10:20 BRT 2011: Neo4j - Graph Database Kernel 1.3.M03
Wed Apr 13 02:10:20 BRT 2011: Operating System: Mac OS X; version: 10.6.7; arch: x86_64; cpus: 2
Wed Apr 13 02:10:20 BRT 2011: VM Name: Java HotSpot(TM) 64-Bit Server VM
Wed Apr 13 02:10:20 BRT 2011: VM Vendor: Apple Inc.
Wed Apr 13 02:10:20 BRT 2011: VM Version: 19.1-b02-334
Wed Apr 13 02:10:20 BRT 2011: Boot Class Path: /System/Library/Java/JavaVirtualMachines/1.6.0.jdk/Contents/Classes/jsfd.jar:/System/Library/Java/JavaVirtualMachines/1.6.0.jdk/Contents/Classes/classes.jar:/System/Library/Frameworks/JavaVM.framework/Frameworks/JavaRuntimeSupport.framework/Resources/Java/JavaRuntimeSupport.jar:/System/Library/Java/JavaVirtualMachines/1.6.0.jdk/Contents/Classes/ui.jar:/System/Library/Java/JavaVirtualMachines/1.6.0.jdk/Contents/Classes/laf.jar:/System/Library/Java/JavaVirtualMachines/1.6.0.jdk/Contents/Classes/sunrsasign.jar:/System/Library/Java/JavaVirtualMachines/1.6.0.jdk/Contents/Classes/jsse.jar:/System/Library/Java/JavaVirtualMachines/1.6.0.jdk/Contents/Classes/jce.jar:/System/Library/Java/JavaVirtualMachines/1.6.0.jdk/Contents/Classes/charsets.jar:/Users/lucascaton/.rvm/rubies/jruby-1.6.0/lib/jruby.jar
Wed Apr 13 02:10:20 BRT 2011: Class Path: 
Wed Apr 13 02:10:20 BRT 2011: Library Path: /usr/local/mysql/lib::.:/Library/Java/Extensions:/System/Library/Java/Extensions:/usr/lib/java
Wed Apr 13 02:10:20 BRT 2011: Garbage Collector: ParNew: [Par Eden Space, Par Survivor Space]
Wed Apr 13 02:10:20 BRT 2011: Garbage Collector: ConcurrentMarkSweep: [Par Eden Space, Par Survivor Space, CMS Old Gen, CMS Perm Gen]
Wed Apr 13 02:10:20 BRT 2011: VM Arguments: [-Dfile.encoding=UTF-8, -Djdk.home=, -Djruby.home=/Users/lucascaton/.rvm/rubies/jruby-1.6.0, -Djruby.script=jruby, -Djruby.shell=/bin/bash, -Djffi.boot.library.path=/Users/lucascaton/.rvm/rubies/jruby-1.6.0/lib/native/Darwin, -Xmx500m, -Xss2048k, -Djruby.memory.max=500m, -Djruby.stack.max=2048k, -Xbootclasspath/a:/Users/lucascaton/.rvm/rubies/jruby-1.6.0/lib/jruby.jar]
Wed Apr 13 02:10:20 BRT 2011: 
Wed Apr 13 02:10:20 BRT 2011: adaptive_cache_heap_ratio=0.77
Wed Apr 13 02:10:20 BRT 2011: adaptive_cache_manager_decrease_ratio=1.15
Wed Apr 13 02:10:20 BRT 2011: adaptive_cache_manager_increase_ratio=1.1
Wed Apr 13 02:10:20 BRT 2011: adaptive_cache_worker_sleep_time=3000
Wed Apr 13 02:10:20 BRT 2011: create=true
Wed Apr 13 02:10:20 BRT 2011: dir=/Users/lucascaton/projects/code/ruby/pessoais/myblog/db/neo4j-development/lucene-fulltext
Wed Apr 13 02:10:20 BRT 2011: enable_remote_shell=port=9332
Wed Apr 13 02:10:20 BRT 2011: ha.db=NO
Wed Apr 13 02:10:20 BRT 2011: ha.machine_id=2
Wed Apr 13 02:10:20 BRT 2011: ha.server=localhost:6002
Wed Apr 13 02:10:20 BRT 2011: ha.zoo_keeper_servers=localhost:2181,localhost:2182,localhost:2183
Wed Apr 13 02:10:20 BRT 2011: logical_log=/Users/lucascaton/projects/code/ruby/pessoais/myblog/db/neo4j-development/nioneo_logical.log
Wed Apr 13 02:10:20 BRT 2011: max_node_cache_size=1500
Wed Apr 13 02:10:20 BRT 2011: max_relationship_cache_size=3500
Wed Apr 13 02:10:20 BRT 2011: migration_thread=NO
Wed Apr 13 02:10:20 BRT 2011: min_node_cache_size=0
Wed Apr 13 02:10:20 BRT 2011: min_relationship_cache_size=0
Wed Apr 13 02:10:20 BRT 2011: neo_store=/Users/lucascaton/projects/code/ruby/pessoais/myblog/db/neo4j-development/neostore
Wed Apr 13 02:10:20 BRT 2011: neostore.nodestore.db.mapped_memory=25M
Wed Apr 13 02:10:20 BRT 2011: neostore.propertystore.db.arrays.mapped_memory=130M
Wed Apr 13 02:10:20 BRT 2011: neostore.propertystore.db.index.keys.mapped_memory=1M
Wed Apr 13 02:10:20 BRT 2011: neostore.propertystore.db.index.mapped_memory=1M
Wed Apr 13 02:10:20 BRT 2011: neostore.propertystore.db.mapped_memory=90M
Wed Apr 13 02:10:20 BRT 2011: neostore.propertystore.db.strings.mapped_memory=130M
Wed Apr 13 02:10:20 BRT 2011: neostore.relationshipstore.db.mapped_memory=50M
Wed Apr 13 02:10:20 BRT 2011: online_backup_enabled=NO
Wed Apr 13 02:10:20 BRT 2011: rebuild_idgenerators_fast=true
Wed Apr 13 02:10:20 BRT 2011: storage_path=/Users/lucascaton/projects/code/ruby/pessoais/myblog/db/neo4j-development
Wed Apr 13 02:10:20 BRT 2011: store_dir=/Users/lucascaton/projects/code/ruby/pessoais/myblog/db/neo4j-development
Wed Apr 13 02:10:20 BRT 2011: timestamps=YES
Wed Apr 13 02:10:20 BRT 2011: use_adaptive_cache=YES
Wed Apr 13 02:10:20 BRT 2011: --- CONFIGURATION END ---
Wed Apr 13 02:10:20 BRT 2011: Extension org.neo4j.kernel.KernelExtension[kernel jmx] loaded ok
Wed Apr 13 02:10:21 BRT 2011: Extension org.neo4j.kernel.KernelExtension[shell] loaded ok
Wed Apr 13 02:14:28 BRT 2011: Closed log /Users/lucascaton/projects/code/ruby/pessoais/myblog/db/neo4j-development/nioneo_logical.log
Wed Apr 13 02:14:28 BRT 2011: NeoStore closed
Wed Apr 13 02:14:28 BRT 2011: Closed log /Users/lucascaton/projects/code/ruby/pessoais/myblog/db/neo4j-development/index/lucene.log
Wed Apr 13 02:14:28 BRT 2011: Closed log /Users/lucascaton/projects/code/ruby/pessoais/myblog/db/neo4j-development/lucene/lucene.log
Wed Apr 13 02:14:28 BRT 2011: NeoStore closed
Wed Apr 13 02:14:28 BRT 2011: Closed log /Users/lucascaton/projects/code/ruby/pessoais/myblog/db/neo4j-development/lucene-fulltext/lucene.log
Wed Apr 13 02:14:28 BRT 2011: TM shutting down
Wed Apr 13 02:16:36 BRT 2011: Opened [/Users/lucascaton/projects/code/ruby/pessoais/myblog/db/neo4j-development/nioneo_logical.log.1] clean empty log, version=0
Wed Apr 13 02:16:36 BRT 2011: Opened [/Users/lucascaton/projects/code/ruby/pessoais/myblog/db/neo4j-development/lucene/lucene.log.1] clean empty log, version=0
Wed Apr 13 02:16:36 BRT 2011: Opened [/Users/lucascaton/projects/code/ruby/pessoais/myblog/db/neo4j-development/lucene-fulltext/lucene.log.1] clean empty log, version=0
Wed Apr 13 02:16:36 BRT 2011: Opened [/Users/lucascaton/projects/code/ruby/pessoais/myblog/db/neo4j-development/index/lucene.log.1] clean empty log, version=0
Wed Apr 13 02:16:36 BRT 2011: TM opening log: /Users/lucascaton/projects/code/ruby/pessoais/myblog/db/neo4j-development/tm_tx_log.1
Wed Apr 13 02:16:36 BRT 2011: --- CONFIGURATION START ---
Wed Apr 13 02:16:36 BRT 2011: Physical mem: 4096MB, Heap size: 495MB
Wed Apr 13 02:16:36 BRT 2011: Kernel version: Neo4j - Graph Database Kernel 1.3.M03
Wed Apr 13 02:16:36 BRT 2011: Neo4j - Graph Database Kernel 1.3.M03
Wed Apr 13 02:16:36 BRT 2011: Operating System: Mac OS X; version: 10.6.7; arch: x86_64; cpus: 2
Wed Apr 13 02:16:36 BRT 2011: VM Name: Java HotSpot(TM) 64-Bit Server VM
Wed Apr 13 02:16:36 BRT 2011: VM Vendor: Apple Inc.
Wed Apr 13 02:16:36 BRT 2011: VM Version: 19.1-b02-334
Wed Apr 13 02:16:36 BRT 2011: Boot Class Path: /System/Library/Java/JavaVirtualMachines/1.6.0.jdk/Contents/Classes/jsfd.jar:/System/Library/Java/JavaVirtualMachines/1.6.0.jdk/Contents/Classes/classes.jar:/System/Library/Frameworks/JavaVM.framework/Frameworks/JavaRuntimeSupport.framework/Resources/Java/JavaRuntimeSupport.jar:/System/Library/Java/JavaVirtualMachines/1.6.0.jdk/Contents/Classes/ui.jar:/System/Library/Java/JavaVirtualMachines/1.6.0.jdk/Contents/Classes/laf.jar:/System/Library/Java/JavaVirtualMachines/1.6.0.jdk/Contents/Classes/sunrsasign.jar:/System/Library/Java/JavaVirtualMachines/1.6.0.jdk/Contents/Classes/jsse.jar:/System/Library/Java/JavaVirtualMachines/1.6.0.jdk/Contents/Classes/jce.jar:/System/Library/Java/JavaVirtualMachines/1.6.0.jdk/Contents/Classes/charsets.jar:/Users/lucascaton/.rvm/rubies/jruby-1.6.0/lib/jruby.jar
Wed Apr 13 02:16:36 BRT 2011: Class Path: 
Wed Apr 13 02:16:36 BRT 2011: Library Path: /usr/local/mysql/lib::.:/Library/Java/Extensions:/System/Library/Java/Extensions:/usr/lib/java
Wed Apr 13 02:16:36 BRT 2011: Garbage Collector: ParNew: [Par Eden Space, Par Survivor Space]
Wed Apr 13 02:16:36 BRT 2011: Garbage Collector: ConcurrentMarkSweep: [Par Eden Space, Par Survivor Space, CMS Old Gen, CMS Perm Gen]
Wed Apr 13 02:16:36 BRT 2011: VM Arguments: [-Dfile.encoding=UTF-8, -Djdk.home=, -Djruby.home=/Users/lucascaton/.rvm/rubies/jruby-1.6.0, -Djruby.script=jruby, -Djruby.shell=/bin/bash, -Djffi.boot.library.path=/Users/lucascaton/.rvm/rubies/jruby-1.6.0/lib/native/Darwin, -Xmx500m, -Xss2048k, -Djruby.memory.max=500m, -Djruby.stack.max=2048k, -Xbootclasspath/a:/Users/lucascaton/.rvm/rubies/jruby-1.6.0/lib/jruby.jar]
Wed Apr 13 02:16:36 BRT 2011: 
Wed Apr 13 02:16:36 BRT 2011: adaptive_cache_heap_ratio=0.77
Wed Apr 13 02:16:36 BRT 2011: adaptive_cache_manager_decrease_ratio=1.15
Wed Apr 13 02:16:36 BRT 2011: adaptive_cache_manager_increase_ratio=1.1
Wed Apr 13 02:16:36 BRT 2011: adaptive_cache_worker_sleep_time=3000
Wed Apr 13 02:16:36 BRT 2011: create=true
Wed Apr 13 02:16:36 BRT 2011: dir=/Users/lucascaton/projects/code/ruby/pessoais/myblog/db/neo4j-development/lucene-fulltext
Wed Apr 13 02:16:36 BRT 2011: enable_remote_shell=port=9332
Wed Apr 13 02:16:36 BRT 2011: ha.db=NO
Wed Apr 13 02:16:36 BRT 2011: ha.machine_id=2
Wed Apr 13 02:16:36 BRT 2011: ha.server=localhost:6002
Wed Apr 13 02:16:36 BRT 2011: ha.zoo_keeper_servers=localhost:2181,localhost:2182,localhost:2183
Wed Apr 13 02:16:36 BRT 2011: logical_log=/Users/lucascaton/projects/code/ruby/pessoais/myblog/db/neo4j-development/nioneo_logical.log
Wed Apr 13 02:16:36 BRT 2011: max_node_cache_size=1500
Wed Apr 13 02:16:36 BRT 2011: max_relationship_cache_size=3500
Wed Apr 13 02:16:36 BRT 2011: migration_thread=NO
Wed Apr 13 02:16:36 BRT 2011: min_node_cache_size=0
Wed Apr 13 02:16:36 BRT 2011: min_relationship_cache_size=0
Wed Apr 13 02:16:36 BRT 2011: neo_store=/Users/lucascaton/projects/code/ruby/pessoais/myblog/db/neo4j-development/neostore
Wed Apr 13 02:16:36 BRT 2011: neostore.nodestore.db.mapped_memory=25M
Wed Apr 13 02:16:36 BRT 2011: neostore.propertystore.db.arrays.mapped_memory=130M
Wed Apr 13 02:16:36 BRT 2011: neostore.propertystore.db.index.keys.mapped_memory=1M
Wed Apr 13 02:16:36 BRT 2011: neostore.propertystore.db.index.mapped_memory=1M
Wed Apr 13 02:16:36 BRT 2011: neostore.propertystore.db.mapped_memory=90M
Wed Apr 13 02:16:36 BRT 2011: neostore.propertystore.db.strings.mapped_memory=130M
Wed Apr 13 02:16:36 BRT 2011: neostore.relationshipstore.db.mapped_memory=50M
Wed Apr 13 02:16:36 BRT 2011: online_backup_enabled=NO
Wed Apr 13 02:16:36 BRT 2011: rebuild_idgenerators_fast=true
Wed Apr 13 02:16:36 BRT 2011: storage_path=/Users/lucascaton/projects/code/ruby/pessoais/myblog/db/neo4j-development
Wed Apr 13 02:16:36 BRT 2011: store_dir=/Users/lucascaton/projects/code/ruby/pessoais/myblog/db/neo4j-development
Wed Apr 13 02:16:36 BRT 2011: timestamps=YES
Wed Apr 13 02:16:36 BRT 2011: use_adaptive_cache=YES
Wed Apr 13 02:16:36 BRT 2011: --- CONFIGURATION END ---
Wed Apr 13 02:16:37 BRT 2011: Extension org.neo4j.kernel.KernelExtension[kernel jmx] loaded ok
Wed Apr 13 02:16:37 BRT 2011: Extension org.neo4j.kernel.KernelExtension[shell] loaded ok
